#
# There is insufficient memory for the Java Runtime Environment to continue.
# Native memory allocation (malloc) failed to allocate 1504176 bytes. Error detail: Chunk::new
# Possible reasons:
#   The system is out of physical RAM or swap space
#   This process is running with CompressedOops enabled, and the Java Heap may be blocking the growth of the native heap
# Possible solutions:
#   Reduce memory load on the system
#   Increase physical memory or swap space
#   Check if swap backing store is full
#   Decrease Java heap size (-Xmx/-Xms)
#   Decrease number of Java threads
#   Decrease Java thread stack sizes (-Xss)
#   Set larger code cache with -XX:ReservedCodeCacheSize=
#   JVM is running with Unscaled Compressed Oops mode in which the Java heap is
#     placed in the first 4GB address space. The Java Heap base address is the
#     maximum limit for the native heap growth. Please use -XX:HeapBaseMinAddress
#     to set the Java Heap base and to place the Java Heap above 4GB virtual address.
# This output file may be truncated or incomplete.
#
#  Out of Memory Error (arena.cpp:168), pid=39780, tid=32272
#
# JRE version: OpenJDK Runtime Environment Temurin-21.0.9+10 (21.0.9+10) (build 21.0.9+10-LTS)
# Java VM: OpenJDK 64-Bit Server VM Temurin-21.0.9+10 (21.0.9+10-LTS, mixed mode, sharing, tiered, compressed oops, compressed class ptrs, parallel gc, windows-amd64)
# No core dump will be written. Minidumps are not enabled by default on client versions of Windows
#

---------------  S U M M A R Y ------------

Command Line: --add-modules=ALL-SYSTEM --add-opens=java.base/java.util=ALL-UNNAMED --add-opens=java.base/java.lang=ALL-UNNAMED --add-opens=java.base/sun.nio.fs=ALL-UNNAMED -Declipse.application=org.eclipse.jdt.ls.core.id1 -Dosgi.bundles.defaultStartLevel=4 -Declipse.product=org.eclipse.jdt.ls.core.product -Djava.import.generatesMetadataFilesAtProjectRoot=false -DDetectVMInstallationsJob.disabled=true -Dfile.encoding=utf8 -XX:+UseParallelGC -XX:GCTimeRatio=4 -XX:AdaptiveSizePolicyWeight=90 -Dsun.zip.disableMemoryMapping=true -Xmx2G -Xms100m -Xlog:disable -javaagent:c:\Users\esbel\.vscode\extensions\redhat.java-1.50.0-win32-x64\lombok\lombok-1.18.39-4050.jar c:\Users\esbel\.vscode\extensions\redhat.java-1.50.0-win32-x64\server\plugins\org.eclipse.equinox.launcher_1.7.100.v20251111-0406.jar -configuration c:\Users\esbel\AppData\Roaming\Code\User\globalStorage\redhat.java\1.50.0\config_ss_win -data c:\Users\esbel\AppData\Roaming\Code\User\workspaceStorage\2550d70c402934654af22b421e6496ea\redhat.java\ss_ws --pipe=\\.\pipe\lsp-59a2fccec804263bd66d746beab7f881-sock

Host: AMD Ryzen 7 5800H with Radeon Graphics         , 16 cores, 15G,  Windows 11 , 64 bit Build 26100 (10.0.26100.7019)
Time: Thu Nov 27 09:53:14 2025 Hora estándar romance elapsed time: 2052.893930 seconds (0d 0h 34m 12s)

---------------  T H R E A D  ---------------

Current thread (0x00000278ca575830):  JavaThread "C2 CompilerThread0" daemon [_thread_in_native, id=32272, stack(0x00000087ab200000,0x00000087ab300000) (1024K)]


Current CompileTask:
C2:2052894 14052       4       org.eclipse.jdt.internal.compiler.parser.Parser::consumeRule (7748 bytes)

Stack: [0x00000087ab200000,0x00000087ab300000]
Native frames: (J=compiled Java code, j=interpreted, Vv=VM code, C=native code)
V  [jvm.dll+0x6d6e29]
V  [jvm.dll+0x8b4b76]
V  [jvm.dll+0x8b712e]
V  [jvm.dll+0x8b7813]
V  [jvm.dll+0x283d86]
V  [jvm.dll+0xc66ed]
V  [jvm.dll+0xc6c31]
V  [jvm.dll+0x3be501]
V  [jvm.dll+0x38ab92]
V  [jvm.dll+0x389fda]
V  [jvm.dll+0x24bfa0]
V  [jvm.dll+0x24b580]
V  [jvm.dll+0x1cb13e]
V  [jvm.dll+0x25b29d]
V  [jvm.dll+0x25982a]
V  [jvm.dll+0x3f7ea6]
V  [jvm.dll+0x85e9ad]
V  [jvm.dll+0x6d565d]
C  [ucrtbase.dll+0x37b0]
C  [KERNEL32.DLL+0x2e8d7]
C  [ntdll.dll+0x8c53c]


---------------  P R O C E S S  ---------------

Threads class SMR info:
_java_thread_list=0x00000278e9c5fd60, length=44, elements={
0x00000278ca4bd630, 0x00000278ca46ddf0, 0x00000278ca560ad0, 0x00000278ca565880,
0x00000278ca566880, 0x00000278ca56bc50, 0x00000278ca56fd40, 0x00000278ca575830,
0x00000278ca578fd0, 0x00000278e2544f00, 0x00000278e8010970, 0x00000278e84876d0,
0x00000278e89ca620, 0x00000278e88bf420, 0x00000278e8ad9a20, 0x00000278e891a150,
0x00000278e8901900, 0x00000278e88fe480, 0x00000278e88feb10, 0x00000278e8900550,
0x00000278e88ff830, 0x00000278e88ff1a0, 0x00000278e8900be0, 0x00000278e88ffec0,
0x00000278ea451840, 0x00000278ea44fe00, 0x00000278ea44f0e0, 0x00000278ea452560,
0x00000278ea451ed0, 0x00000278ea450490, 0x00000278ea450b20, 0x00000278ea44f770,
0x00000278ea4511b0, 0x00000278ea5c02e0, 0x00000278ea5c1000, 0x00000278ea5c0970,
0x00000278ea5c1690, 0x00000278eb96a960, 0x00000278ea5c5830, 0x00000278ea5c2a40,
0x00000278f4a56e70, 0x00000278f4a57500, 0x00000278f4a57b90, 0x00000278f4a54da0
}

Java Threads: ( => current thread )
  0x00000278ca4bd630 JavaThread "main"                              [_thread_blocked, id=10200, stack(0x00000087aa800000,0x00000087aa900000) (1024K)]
  0x00000278ca46ddf0 JavaThread "Reference Handler"          daemon [_thread_blocked, id=11052, stack(0x00000087aac00000,0x00000087aad00000) (1024K)]
  0x00000278ca560ad0 JavaThread "Finalizer"                  daemon [_thread_blocked, id=23152, stack(0x00000087aad00000,0x00000087aae00000) (1024K)]
  0x00000278ca565880 JavaThread "Signal Dispatcher"          daemon [_thread_blocked, id=32068, stack(0x00000087aae00000,0x00000087aaf00000) (1024K)]
  0x00000278ca566880 JavaThread "Attach Listener"            daemon [_thread_blocked, id=15044, stack(0x00000087aaf00000,0x00000087ab000000) (1024K)]
  0x00000278ca56bc50 JavaThread "Service Thread"             daemon [_thread_blocked, id=28340, stack(0x00000087ab000000,0x00000087ab100000) (1024K)]
  0x00000278ca56fd40 JavaThread "Monitor Deflation Thread"   daemon [_thread_blocked, id=14776, stack(0x00000087ab100000,0x00000087ab200000) (1024K)]
=>0x00000278ca575830 JavaThread "C2 CompilerThread0"         daemon [_thread_in_native, id=32272, stack(0x00000087ab200000,0x00000087ab300000) (1024K)]
  0x00000278ca578fd0 JavaThread "C1 CompilerThread0"         daemon [_thread_blocked, id=17016, stack(0x00000087ab300000,0x00000087ab400000) (1024K)]
  0x00000278e2544f00 JavaThread "Common-Cleaner"             daemon [_thread_blocked, id=19380, stack(0x00000087ab800000,0x00000087ab900000) (1024K)]
  0x00000278e8010970 JavaThread "Notification Thread"        daemon [_thread_blocked, id=22592, stack(0x00000087ab900000,0x00000087aba00000) (1024K)]
  0x00000278e84876d0 JavaThread "Active Thread: Equinox Container: e4e9672c-b35a-42a3-88f0-db0d468d5c7e"        [_thread_blocked, id=24468, stack(0x00000087ac100000,0x00000087ac200000) (1024K)]
  0x00000278e89ca620 JavaThread "Framework Event Dispatcher: Equinox Container: e4e9672c-b35a-42a3-88f0-db0d468d5c7e" daemon [_thread_blocked, id=29188, stack(0x00000087ac200000,0x00000087ac300000) (1024K)]
  0x00000278e88bf420 JavaThread "Start Level: Equinox Container: e4e9672c-b35a-42a3-88f0-db0d468d5c7e" daemon [_thread_blocked, id=35388, stack(0x00000087ac300000,0x00000087ac400000) (1024K)]
  0x00000278e8ad9a20 JavaThread "SCR Component Actor"        daemon [_thread_blocked, id=27344, stack(0x00000087ac500000,0x00000087ac600000) (1024K)]
  0x00000278e891a150 JavaThread "Worker-JM"                         [_thread_blocked, id=26256, stack(0x00000087aba00000,0x00000087abb00000) (1024K)]
  0x00000278e8901900 JavaThread "JNA Cleaner"                daemon [_thread_blocked, id=23888, stack(0x00000087ace00000,0x00000087acf00000) (1024K)]
  0x00000278e88fe480 JavaThread "Thread-1"                   daemon [_thread_in_native, id=28952, stack(0x00000087ad100000,0x00000087ad200000) (1024K)]
  0x00000278e88feb10 JavaThread "Thread-2"                   daemon [_thread_in_native, id=26312, stack(0x00000087ad200000,0x00000087ad300000) (1024K)]
  0x00000278e8900550 JavaThread "Thread-3"                   daemon [_thread_in_native, id=37104, stack(0x00000087ad300000,0x00000087ad400000) (1024K)]
  0x00000278e88ff830 JavaThread "Thread-4"                   daemon [_thread_in_native, id=20628, stack(0x00000087ad400000,0x00000087ad500000) (1024K)]
  0x00000278e88ff1a0 JavaThread "Thread-5"                   daemon [_thread_in_native, id=22688, stack(0x00000087ad500000,0x00000087ad600000) (1024K)]
  0x00000278e8900be0 JavaThread "Thread-6"                   daemon [_thread_in_native, id=13828, stack(0x00000087ad600000,0x00000087ad700000) (1024K)]
  0x00000278e88ffec0 JavaThread "Thread-7"                   daemon [_thread_in_native, id=13088, stack(0x00000087ad700000,0x00000087ad800000) (1024K)]
  0x00000278ea451840 JavaThread "Thread-8"                   daemon [_thread_in_native, id=31548, stack(0x00000087ad800000,0x00000087ad900000) (1024K)]
  0x00000278ea44fe00 JavaThread "Thread-9"                   daemon [_thread_in_native, id=28380, stack(0x00000087ad900000,0x00000087ada00000) (1024K)]
  0x00000278ea44f0e0 JavaThread "Thread-10"                  daemon [_thread_in_native, id=1496, stack(0x00000087ada00000,0x00000087adb00000) (1024K)]
  0x00000278ea452560 JavaThread "Thread-11"                  daemon [_thread_in_native, id=16012, stack(0x00000087adb00000,0x00000087adc00000) (1024K)]
  0x00000278ea451ed0 JavaThread "Thread-12"                  daemon [_thread_in_native, id=18584, stack(0x00000087adc00000,0x00000087add00000) (1024K)]
  0x00000278ea450490 JavaThread "Thread-13"                  daemon [_thread_in_native, id=21136, stack(0x00000087add00000,0x00000087ade00000) (1024K)]
  0x00000278ea450b20 JavaThread "Thread-14"                  daemon [_thread_in_native, id=28004, stack(0x00000087ade00000,0x00000087adf00000) (1024K)]
  0x00000278ea44f770 JavaThread "Thread-15"                  daemon [_thread_in_native, id=30596, stack(0x00000087adf00000,0x00000087ae000000) (1024K)]
  0x00000278ea4511b0 JavaThread "Thread-16"                  daemon [_thread_in_native, id=34140, stack(0x00000087ae000000,0x00000087ae100000) (1024K)]
  0x00000278ea5c02e0 JavaThread "Thread-17"                  daemon [_thread_in_native, id=20684, stack(0x00000087ae100000,0x00000087ae200000) (1024K)]
  0x00000278ea5c1000 JavaThread "pool-2-thread-1"                   [_thread_blocked, id=21456, stack(0x00000087ae200000,0x00000087ae300000) (1024K)]
  0x00000278ea5c0970 JavaThread "WorkspaceEventsHandler"            [_thread_blocked, id=6888, stack(0x00000087ae300000,0x00000087ae400000) (1024K)]
  0x00000278ea5c1690 JavaThread "pool-1-thread-1"                   [_thread_blocked, id=14428, stack(0x00000087ae400000,0x00000087ae500000) (1024K)]
  0x00000278eb96a960 JavaThread "Worker-4"                          [_thread_blocked, id=8592, stack(0x00000087aa500000,0x00000087aa600000) (1024K)]
  0x00000278ea5c5830 JavaThread "ForkJoinPool.commonPool-worker-10" daemon [_thread_blocked, id=26016, stack(0x00000087aa700000,0x00000087aa800000) (1024K)]
  0x00000278ea5c2a40 JavaThread "Worker-5"                          [_thread_blocked, id=21448, stack(0x00000087aa600000,0x00000087aa700000) (1024K)]
  0x00000278f4a56e70 JavaThread "ForkJoinPool.commonPool-worker-12" daemon [_thread_blocked, id=39996, stack(0x00000087ab400000,0x00000087ab500000) (1024K)]
  0x00000278f4a57500 JavaThread "Worker-7"                          [_thread_blocked, id=35200, stack(0x00000087ab500000,0x00000087ab600000) (1024K)]
  0x00000278f4a57b90 JavaThread "pool-1-thread-7"                   [_thread_blocked, id=29592, stack(0x00000087ab600000,0x00000087ab700000) (1024K)]
  0x00000278f4a54da0 JavaThread "ForkJoinPool.commonPool-worker-13" daemon [_thread_blocked, id=4164, stack(0x00000087ac900000,0x00000087aca00000) (1024K)]
Total: 44

Other Threads:
  0x00000278ca454160 VMThread "VM Thread"                           [id=35168, stack(0x00000087aab00000,0x00000087aac00000) (1024K)]
  0x00000278ca34ca00 WatcherThread "VM Periodic Task Thread"        [id=31580, stack(0x00000087aaa00000,0x00000087aab00000) (1024K)]
  0x00000278ca4dcc80 WorkerThread "GC Thread#0"                     [id=31924, stack(0x00000087aa900000,0x00000087aaa00000) (1024K)]
  0x00000278e884c5e0 WorkerThread "GC Thread#1"                     [id=32520, stack(0x00000087abb00000,0x00000087abc00000) (1024K)]
  0x00000278e884c980 WorkerThread "GC Thread#2"                     [id=39924, stack(0x00000087abc00000,0x00000087abd00000) (1024K)]
  0x00000278e8a53500 WorkerThread "GC Thread#3"                     [id=27060, stack(0x00000087abd00000,0x00000087abe00000) (1024K)]
  0x00000278e8a538a0 WorkerThread "GC Thread#4"                     [id=35384, stack(0x00000087abe00000,0x00000087abf00000) (1024K)]
  0x00000278e89ced30 WorkerThread "GC Thread#5"                     [id=6108, stack(0x00000087abf00000,0x00000087ac000000) (1024K)]
  0x00000278e89cf4e0 WorkerThread "GC Thread#6"                     [id=22532, stack(0x00000087ac000000,0x00000087ac100000) (1024K)]
  0x00000278e88c0290 WorkerThread "GC Thread#7"                     [id=38248, stack(0x00000087ac400000,0x00000087ac500000) (1024K)]
  0x00000278e8c0c310 WorkerThread "GC Thread#8"                     [id=29296, stack(0x00000087ac600000,0x00000087ac700000) (1024K)]
  0x00000278e8c0cdf0 WorkerThread "GC Thread#9"                     [id=13776, stack(0x00000087ac700000,0x00000087ac800000) (1024K)]
  0x00000278e8c0ca50 WorkerThread "GC Thread#10"                    [id=39944, stack(0x00000087acb00000,0x00000087acc00000) (1024K)]
  0x00000278e8c0d190 WorkerThread "GC Thread#11"                    [id=31784, stack(0x00000087acc00000,0x00000087acd00000) (1024K)]
  0x00000278e8c0d530 WorkerThread "GC Thread#12"                    [id=37468, stack(0x00000087acd00000,0x00000087ace00000) (1024K)]
Total: 15

Threads with active compile tasks:
C2 CompilerThread0  2052920 14052       4       org.eclipse.jdt.internal.compiler.parser.Parser::consumeRule (7748 bytes)
Total: 1

VM state: not at safepoint (normal execution)

VM Mutex/Monitor currently owned by a thread: None

Heap address: 0x0000000080000000, size: 2048 MB, Compressed Oops mode: 32-bit

CDS archive(s) mapped at: [0x0000027880000000-0x0000027880ba0000-0x0000027880ba0000), size 12189696, SharedBaseAddress: 0x0000027880000000, ArchiveRelocationMode: 1.
Compressed class space mapped at: 0x0000027881000000-0x00000278c1000000, reserved size: 1073741824
Narrow klass base: 0x0000027880000000, Narrow klass shift: 0, Narrow klass range: 0x100000000

GC Precious Log:
 CardTable entry size: 512
 CPUs: 16 total, 16 available
 Memory: 15724M
 Large Page Support: Disabled
 NUMA Support: Disabled
 Compressed Oops: Enabled (32-bit)
 Alignments: Space 512K, Generation 512K, Heap 2M
 Heap Min Capacity: 100M
 Heap Initial Capacity: 100M
 Heap Max Capacity: 2G
 Pre-touch: Disabled
 Parallel Workers: 13

Heap:
 PSYoungGen      total 21504K, used 15695K [0x00000000d5580000, 0x00000000d6b80000, 0x0000000100000000)
  eden space 20480K, 72% used [0x00000000d5580000,0x00000000d6413e28,0x00000000d6980000)
  from space 1024K, 75% used [0x00000000d6980000,0x00000000d6a40020,0x00000000d6a80000)
  to   space 1024K, 0% used [0x00000000d6a80000,0x00000000d6a80000,0x00000000d6b80000)
 ParOldGen       total 305152K, used 273265K [0x0000000080000000, 0x0000000092a00000, 0x00000000d5580000)
  object space 305152K, 89% used [0x0000000080000000,0x0000000090adc638,0x0000000092a00000)
 Metaspace       used 57072K, committed 58304K, reserved 1114112K
  class space    used 5459K, committed 6080K, reserved 1048576K

Card table byte_map: [0x00000278c9e60000,0x00000278ca270000] _byte_map_base: 0x00000278c9a60000

Marking Bits: (ParMarkBitMap*) 0x00007ffc35ba2460
 Begin Bits: [0x00000278dc970000, 0x00000278de970000)
 End Bits:   [0x00000278de970000, 0x00000278e0970000)

Polling page: 0x00000278c8300000

Metaspace:

Usage:
  Non-class:     50.40 MB used.
      Class:      5.33 MB used.
       Both:     55.74 MB used.

Virtual space:
  Non-class space:       64.00 MB reserved,      51.00 MB ( 80%) committed,  1 nodes.
      Class space:        1.00 GB reserved,       5.94 MB ( <1%) committed,  1 nodes.
             Both:        1.06 GB reserved,      56.94 MB (  5%) committed. 

Chunk freelists:
   Non-Class:  12.77 MB
       Class:  10.01 MB
        Both:  22.77 MB

MaxMetaspaceSize: unlimited
CompressedClassSpaceSize: 1.00 GB
Initial GC threshold: 21.00 MB
Current GC threshold: 92.50 MB
CDS: on
 - commit_granule_bytes: 65536.
 - commit_granule_words: 8192.
 - virtual_space_node_default_size: 8388608.
 - enlarge_chunks_in_place: 1.
 - use_allocation_guard: 0.


Internal statistics:

num_allocs_failed_limit: 6.
num_arena_births: 1078.
num_arena_deaths: 14.
num_vsnodes_births: 2.
num_vsnodes_deaths: 0.
num_space_committed: 911.
num_space_uncommitted: 0.
num_chunks_returned_to_freelist: 20.
num_chunks_taken_from_freelist: 3613.
num_chunk_merges: 12.
num_chunk_splits: 2233.
num_chunks_enlarged: 1306.
num_inconsistent_stats: 0.

CodeHeap 'non-profiled nmethods': size=119168Kb used=15033Kb max_used=15033Kb free=104134Kb
 bounds [0x00000278d5260000, 0x00000278d6110000, 0x00000278dc6c0000]
CodeHeap 'profiled nmethods': size=119104Kb used=35056Kb max_used=35056Kb free=84047Kb
 bounds [0x00000278cd6c0000, 0x00000278cf900000, 0x00000278d4b10000]
CodeHeap 'non-nmethods': size=7488Kb used=1459Kb max_used=3166Kb free=6028Kb
 bounds [0x00000278d4b10000, 0x00000278d4eb0000, 0x00000278d5260000]
CodeCache: size=245760Kb, used=51548Kb, max_used=53255Kb, free=194209Kb
 total_blobs=14073, nmethods=13302, adapters=674, full_count=0
Compilation: enabled, stopped_count=0, restarted_count=0

Compilation events (20 events):
Event: 2050.740 Thread 0x00000278e83cab30 nmethod 14037 0x00000278d610a990 code [0x00000278d610ab40, 0x00000278d610aef8]
Event: 2050.740 Thread 0x00000278ca578fd0 nmethod 14041 0x00000278cf8da710 code [0x00000278cf8daae0, 0x00000278cf8dc650]
Event: 2050.740 Thread 0x00000278ca578fd0 14042       3       com.overzealous.remark.convert.InlineStyle$Rules::<init> (6 bytes)
Event: 2050.740 Thread 0x00000278ca578fd0 nmethod 14042 0x00000278cf8dce90 code [0x00000278cf8dd040, 0x00000278cf8dd238]
Event: 2050.740 Thread 0x00000278ca578fd0 14043       3       com.overzealous.remark.convert.InlineStyle$Rules::<init> (30 bytes)
Event: 2050.740 Thread 0x00000278ca578fd0 nmethod 14043 0x00000278cf8dd310 code [0x00000278cf8dd4c0, 0x00000278cf8dd658]
Event: 2050.740 Thread 0x00000278ca578fd0 14044       3       com.overzealous.remark.Options::getInWordEmphasis (19 bytes)
Event: 2050.740 Thread 0x00000278ca578fd0 nmethod 14044 0x00000278cf8dd710 code [0x00000278cf8dd8a0, 0x00000278cf8dda08]
Event: 2050.740 Thread 0x00000278ca578fd0 14045       3       com.overzealous.remark.convert.InlineStyle::checkTag (157 bytes)
Event: 2050.741 Thread 0x00000278ca578fd0 nmethod 14045 0x00000278cf8dda90 code [0x00000278cf8ddd20, 0x00000278cf8de610]
Event: 2050.752 Thread 0x00000278ca575830 nmethod 14046 0x00000278d610b190 code [0x00000278d610b580, 0x00000278d610d2d0]
Event: 2051.819 Thread 0x00000278ca578fd0 14048       3       org.eclipse.jdt.internal.codeassist.complete.CompletionParser::isInsideEnhancedForLoopWithoutBlock (24 bytes)
Event: 2051.819 Thread 0x00000278ca578fd0 nmethod 14048 0x00000278cf8de990 code [0x00000278cf8deb60, 0x00000278cf8def48]
Event: 2051.819 Thread 0x00000278ca578fd0 14051       3       org.eclipse.jdt.internal.codeassist.complete.CompletionParser::consumeToken (4322 bytes)
Event: 2051.826 Thread 0x00000278ca578fd0 nmethod 14051 0x00000278cf8df090 code [0x00000278cf8e0c00, 0x00000278cf8f7540]
Event: 2051.826 Thread 0x00000278ca578fd0 14049       3       org.eclipse.jdt.internal.codeassist.complete.CompletionParser::consumeMethodHeaderExtendedDims (176 bytes)
Event: 2051.827 Thread 0x00000278ca578fd0 nmethod 14049 0x00000278cf8fa810 code [0x00000278cf8faa40, 0x00000278cf8fb470]
Event: 2051.827 Thread 0x00000278ca578fd0 14050       3       org.eclipse.jdt.internal.codeassist.complete.CompletionParser::consumeMethodHeader (12 bytes)
Event: 2051.827 Thread 0x00000278ca578fd0 nmethod 14050 0x00000278cf8fb810 code [0x00000278cf8fba00, 0x00000278cf8fbf08]
Event: 2051.853 Thread 0x00000278ca575830 14052       4       org.eclipse.jdt.internal.compiler.parser.Parser::consumeRule (7748 bytes)

GC Heap History (20 events):
Event: 1708.376 GC heap before
{Heap before GC invocations=213 (full 3):
 PSYoungGen      total 20992K, used 20896K [0x00000000d5580000, 0x00000000d6b00000, 0x0000000100000000)
  eden space 20480K, 100% used [0x00000000d5580000,0x00000000d6980000,0x00000000d6980000)
  from space 512K, 81% used [0x00000000d6a00000,0x00000000d6a68000,0x00000000d6a80000)
  to   space 512K, 0% used [0x00000000d6a80000,0x00000000d6a80000,0x00000000d6b00000)
 ParOldGen       total 305152K, used 271055K [0x0000000080000000, 0x0000000092a00000, 0x00000000d5580000)
  object space 305152K, 88% used [0x0000000080000000,0x00000000908b3d70,0x0000000092a00000)
 Metaspace       used 56940K, committed 58240K, reserved 1114112K
  class space    used 5454K, committed 6080K, reserved 1048576K
}
Event: 1708.377 GC heap after
{Heap after GC invocations=213 (full 3):
 PSYoungGen      total 20992K, used 480K [0x00000000d5580000, 0x00000000d6b00000, 0x0000000100000000)
  eden space 20480K, 0% used [0x00000000d5580000,0x00000000d5580000,0x00000000d6980000)
  from space 512K, 93% used [0x00000000d6a80000,0x00000000d6af8000,0x00000000d6b00000)
  to   space 512K, 0% used [0x00000000d6a00000,0x00000000d6a00000,0x00000000d6a80000)
 ParOldGen       total 305152K, used 271116K [0x0000000080000000, 0x0000000092a00000, 0x00000000d5580000)
  object space 305152K, 88% used [0x0000000080000000,0x00000000908c33d8,0x0000000092a00000)
 Metaspace       used 56940K, committed 58240K, reserved 1114112K
  class space    used 5454K, committed 6080K, reserved 1048576K
}
Event: 1726.713 GC heap before
{Heap before GC invocations=214 (full 3):
 PSYoungGen      total 20992K, used 20960K [0x00000000d5580000, 0x00000000d6b00000, 0x0000000100000000)
  eden space 20480K, 100% used [0x00000000d5580000,0x00000000d6980000,0x00000000d6980000)
  from space 512K, 93% used [0x00000000d6a80000,0x00000000d6af8000,0x00000000d6b00000)
  to   space 512K, 0% used [0x00000000d6a00000,0x00000000d6a00000,0x00000000d6a80000)
 ParOldGen       total 305152K, used 271116K [0x0000000080000000, 0x0000000092a00000, 0x00000000d5580000)
  object space 305152K, 88% used [0x0000000080000000,0x00000000908c33d8,0x0000000092a00000)
 Metaspace       used 56959K, committed 58240K, reserved 1114112K
  class space    used 5454K, committed 6080K, reserved 1048576K
}
Event: 1726.714 GC heap after
{Heap after GC invocations=214 (full 3):
 PSYoungGen      total 20992K, used 416K [0x00000000d5580000, 0x00000000d6b00000, 0x0000000100000000)
  eden space 20480K, 0% used [0x00000000d5580000,0x00000000d5580000,0x00000000d6980000)
  from space 512K, 81% used [0x00000000d6a00000,0x00000000d6a68000,0x00000000d6a80000)
  to   space 512K, 0% used [0x00000000d6a80000,0x00000000d6a80000,0x00000000d6b00000)
 ParOldGen       total 305152K, used 271506K [0x0000000080000000, 0x0000000092a00000, 0x00000000d5580000)
  object space 305152K, 88% used [0x0000000080000000,0x0000000090924858,0x0000000092a00000)
 Metaspace       used 56959K, committed 58240K, reserved 1114112K
  class space    used 5454K, committed 6080K, reserved 1048576K
}
Event: 1971.966 GC heap before
{Heap before GC invocations=215 (full 3):
 PSYoungGen      total 20992K, used 20896K [0x00000000d5580000, 0x00000000d6b00000, 0x0000000100000000)
  eden space 20480K, 100% used [0x00000000d5580000,0x00000000d6980000,0x00000000d6980000)
  from space 512K, 81% used [0x00000000d6a00000,0x00000000d6a68000,0x00000000d6a80000)
  to   space 512K, 0% used [0x00000000d6a80000,0x00000000d6a80000,0x00000000d6b00000)
 ParOldGen       total 305152K, used 271506K [0x0000000080000000, 0x0000000092a00000, 0x00000000d5580000)
  object space 305152K, 88% used [0x0000000080000000,0x0000000090924858,0x0000000092a00000)
 Metaspace       used 56987K, committed 58240K, reserved 1114112K
  class space    used 5455K, committed 6080K, reserved 1048576K
}
Event: 1971.967 GC heap after
{Heap after GC invocations=215 (full 3):
 PSYoungGen      total 20992K, used 480K [0x00000000d5580000, 0x00000000d6b00000, 0x0000000100000000)
  eden space 20480K, 0% used [0x00000000d5580000,0x00000000d5580000,0x00000000d6980000)
  from space 512K, 93% used [0x00000000d6a80000,0x00000000d6af8020,0x00000000d6b00000)
  to   space 512K, 0% used [0x00000000d6a00000,0x00000000d6a00000,0x00000000d6a80000)
 ParOldGen       total 305152K, used 271610K [0x0000000080000000, 0x0000000092a00000, 0x00000000d5580000)
  object space 305152K, 89% used [0x0000000080000000,0x000000009093e858,0x0000000092a00000)
 Metaspace       used 56987K, committed 58240K, reserved 1114112K
  class space    used 5455K, committed 6080K, reserved 1048576K
}
Event: 1992.111 GC heap before
{Heap before GC invocations=216 (full 3):
 PSYoungGen      total 20992K, used 20960K [0x00000000d5580000, 0x00000000d6b00000, 0x0000000100000000)
  eden space 20480K, 100% used [0x00000000d5580000,0x00000000d6980000,0x00000000d6980000)
  from space 512K, 93% used [0x00000000d6a80000,0x00000000d6af8020,0x00000000d6b00000)
  to   space 512K, 0% used [0x00000000d6a00000,0x00000000d6a00000,0x00000000d6a80000)
 ParOldGen       total 305152K, used 271610K [0x0000000080000000, 0x0000000092a00000, 0x00000000d5580000)
  object space 305152K, 89% used [0x0000000080000000,0x000000009093e858,0x0000000092a00000)
 Metaspace       used 56996K, committed 58240K, reserved 1114112K
  class space    used 5455K, committed 6080K, reserved 1048576K
}
Event: 1992.112 GC heap after
{Heap after GC invocations=216 (full 3):
 PSYoungGen      total 20992K, used 416K [0x00000000d5580000, 0x00000000d6b00000, 0x0000000100000000)
  eden space 20480K, 0% used [0x00000000d5580000,0x00000000d5580000,0x00000000d6980000)
  from space 512K, 81% used [0x00000000d6a00000,0x00000000d6a68000,0x00000000d6a80000)
  to   space 512K, 0% used [0x00000000d6a80000,0x00000000d6a80000,0x00000000d6b00000)
 ParOldGen       total 305152K, used 271762K [0x0000000080000000, 0x0000000092a00000, 0x00000000d5580000)
  object space 305152K, 89% used [0x0000000080000000,0x0000000090964888,0x0000000092a00000)
 Metaspace       used 56996K, committed 58240K, reserved 1114112K
  class space    used 5455K, committed 6080K, reserved 1048576K
}
Event: 2015.662 GC heap before
{Heap before GC invocations=217 (full 3):
 PSYoungGen      total 20992K, used 20896K [0x00000000d5580000, 0x00000000d6b00000, 0x0000000100000000)
  eden space 20480K, 100% used [0x00000000d5580000,0x00000000d6980000,0x00000000d6980000)
  from space 512K, 81% used [0x00000000d6a00000,0x00000000d6a68000,0x00000000d6a80000)
  to   space 512K, 0% used [0x00000000d6a80000,0x00000000d6a80000,0x00000000d6b00000)
 ParOldGen       total 305152K, used 271762K [0x0000000080000000, 0x0000000092a00000, 0x00000000d5580000)
  object space 305152K, 89% used [0x0000000080000000,0x0000000090964888,0x0000000092a00000)
 Metaspace       used 57006K, committed 58240K, reserved 1114112K
  class space    used 5455K, committed 6080K, reserved 1048576K
}
Event: 2015.663 GC heap after
{Heap after GC invocations=217 (full 3):
 PSYoungGen      total 20992K, used 480K [0x00000000d5580000, 0x00000000d6b80000, 0x0000000100000000)
  eden space 20480K, 0% used [0x00000000d5580000,0x00000000d5580000,0x00000000d6980000)
  from space 512K, 93% used [0x00000000d6a80000,0x00000000d6af8020,0x00000000d6b00000)
  to   space 1024K, 0% used [0x00000000d6980000,0x00000000d6980000,0x00000000d6a80000)
 ParOldGen       total 305152K, used 272146K [0x0000000080000000, 0x0000000092a00000, 0x00000000d5580000)
  object space 305152K, 89% used [0x0000000080000000,0x00000000909c4888,0x0000000092a00000)
 Metaspace       used 57006K, committed 58240K, reserved 1114112K
  class space    used 5455K, committed 6080K, reserved 1048576K
}
Event: 2019.688 GC heap before
{Heap before GC invocations=218 (full 3):
 PSYoungGen      total 20992K, used 20960K [0x00000000d5580000, 0x00000000d6b80000, 0x0000000100000000)
  eden space 20480K, 100% used [0x00000000d5580000,0x00000000d6980000,0x00000000d6980000)
  from space 512K, 93% used [0x00000000d6a80000,0x00000000d6af8020,0x00000000d6b00000)
  to   space 1024K, 0% used [0x00000000d6980000,0x00000000d6980000,0x00000000d6a80000)
 ParOldGen       total 305152K, used 272146K [0x0000000080000000, 0x0000000092a00000, 0x00000000d5580000)
  object space 305152K, 89% used [0x0000000080000000,0x00000000909c4888,0x0000000092a00000)
 Metaspace       used 57006K, committed 58240K, reserved 1114112K
  class space    used 5455K, committed 6080K, reserved 1048576K
}
Event: 2019.688 GC heap after
{Heap after GC invocations=218 (full 3):
 PSYoungGen      total 21504K, used 576K [0x00000000d5580000, 0x00000000d6b80000, 0x0000000100000000)
  eden space 20480K, 0% used [0x00000000d5580000,0x00000000d5580000,0x00000000d6980000)
  from space 1024K, 56% used [0x00000000d6980000,0x00000000d6a10000,0x00000000d6a80000)
  to   space 1024K, 0% used [0x00000000d6a80000,0x00000000d6a80000,0x00000000d6b80000)
 ParOldGen       total 305152K, used 272604K [0x0000000080000000, 0x0000000092a00000, 0x00000000d5580000)
  object space 305152K, 89% used [0x0000000080000000,0x0000000090a371a8,0x0000000092a00000)
 Metaspace       used 57006K, committed 58240K, reserved 1114112K
  class space    used 5455K, committed 6080K, reserved 1048576K
}
Event: 2033.878 GC heap before
{Heap before GC invocations=219 (full 3):
 PSYoungGen      total 21504K, used 21056K [0x00000000d5580000, 0x00000000d6b80000, 0x0000000100000000)
  eden space 20480K, 100% used [0x00000000d5580000,0x00000000d6980000,0x00000000d6980000)
  from space 1024K, 56% used [0x00000000d6980000,0x00000000d6a10000,0x00000000d6a80000)
  to   space 1024K, 0% used [0x00000000d6a80000,0x00000000d6a80000,0x00000000d6b80000)
 ParOldGen       total 305152K, used 272604K [0x0000000080000000, 0x0000000092a00000, 0x00000000d5580000)
  object space 305152K, 89% used [0x0000000080000000,0x0000000090a371a8,0x0000000092a00000)
 Metaspace       used 57015K, committed 58240K, reserved 1114112K
  class space    used 5456K, committed 6080K, reserved 1048576K
}
Event: 2033.879 GC heap after
{Heap after GC invocations=219 (full 3):
 PSYoungGen      total 21504K, used 544K [0x00000000d5580000, 0x00000000d6b80000, 0x0000000100000000)
  eden space 20480K, 0% used [0x00000000d5580000,0x00000000d5580000,0x00000000d6980000)
  from space 1024K, 53% used [0x00000000d6a80000,0x00000000d6b08000,0x00000000d6b80000)
  to   space 1024K, 0% used [0x00000000d6980000,0x00000000d6980000,0x00000000d6a80000)
 ParOldGen       total 305152K, used 272732K [0x0000000080000000, 0x0000000092a00000, 0x00000000d5580000)
  object space 305152K, 89% used [0x0000000080000000,0x0000000090a571a8,0x0000000092a00000)
 Metaspace       used 57015K, committed 58240K, reserved 1114112K
  class space    used 5456K, committed 6080K, reserved 1048576K
}
Event: 2037.825 GC heap before
{Heap before GC invocations=220 (full 3):
 PSYoungGen      total 21504K, used 21024K [0x00000000d5580000, 0x00000000d6b80000, 0x0000000100000000)
  eden space 20480K, 100% used [0x00000000d5580000,0x00000000d6980000,0x00000000d6980000)
  from space 1024K, 53% used [0x00000000d6a80000,0x00000000d6b08000,0x00000000d6b80000)
  to   space 1024K, 0% used [0x00000000d6980000,0x00000000d6980000,0x00000000d6a80000)
 ParOldGen       total 305152K, used 272732K [0x0000000080000000, 0x0000000092a00000, 0x00000000d5580000)
  object space 305152K, 89% used [0x0000000080000000,0x0000000090a571a8,0x0000000092a00000)
 Metaspace       used 57024K, committed 58304K, reserved 1114112K
  class space    used 5456K, committed 6080K, reserved 1048576K
}
Event: 2037.825 GC heap after
{Heap after GC invocations=220 (full 3):
 PSYoungGen      total 21504K, used 416K [0x00000000d5580000, 0x00000000d6b00000, 0x0000000100000000)
  eden space 20480K, 0% used [0x00000000d5580000,0x00000000d5580000,0x00000000d6980000)
  from space 1024K, 40% used [0x00000000d6980000,0x00000000d69e8000,0x00000000d6a80000)
  to   space 512K, 0% used [0x00000000d6a80000,0x00000000d6a80000,0x00000000d6b00000)
 ParOldGen       total 305152K, used 272804K [0x0000000080000000, 0x0000000092a00000, 0x00000000d5580000)
  object space 305152K, 89% used [0x0000000080000000,0x0000000090a691a8,0x0000000092a00000)
 Metaspace       used 57024K, committed 58304K, reserved 1114112K
  class space    used 5456K, committed 6080K, reserved 1048576K
}
Event: 2048.355 GC heap before
{Heap before GC invocations=221 (full 3):
 PSYoungGen      total 21504K, used 20891K [0x00000000d5580000, 0x00000000d6b00000, 0x0000000100000000)
  eden space 20480K, 99% used [0x00000000d5580000,0x00000000d697ed08,0x00000000d6980000)
  from space 1024K, 40% used [0x00000000d6980000,0x00000000d69e8000,0x00000000d6a80000)
  to   space 512K, 0% used [0x00000000d6a80000,0x00000000d6a80000,0x00000000d6b00000)
 ParOldGen       total 305152K, used 272804K [0x0000000080000000, 0x0000000092a00000, 0x00000000d5580000)
  object space 305152K, 89% used [0x0000000080000000,0x0000000090a691a8,0x0000000092a00000)
 Metaspace       used 57025K, committed 58304K, reserved 1114112K
  class space    used 5456K, committed 6080K, reserved 1048576K
}
Event: 2048.356 GC heap after
{Heap after GC invocations=221 (full 3):
 PSYoungGen      total 20992K, used 512K [0x00000000d5580000, 0x00000000d6b80000, 0x0000000100000000)
  eden space 20480K, 0% used [0x00000000d5580000,0x00000000d5580000,0x00000000d6980000)
  from space 512K, 100% used [0x00000000d6a80000,0x00000000d6b00000,0x00000000d6b00000)
  to   space 1024K, 0% used [0x00000000d6980000,0x00000000d6980000,0x00000000d6a80000)
 ParOldGen       total 305152K, used 272876K [0x0000000080000000, 0x0000000092a00000, 0x00000000d5580000)
  object space 305152K, 89% used [0x0000000080000000,0x0000000090a7b1b8,0x0000000092a00000)
 Metaspace       used 57025K, committed 58304K, reserved 1114112K
  class space    used 5456K, committed 6080K, reserved 1048576K
}
Event: 2050.694 GC heap before
{Heap before GC invocations=222 (full 3):
 PSYoungGen      total 20992K, used 20343K [0x00000000d5580000, 0x00000000d6b80000, 0x0000000100000000)
  eden space 20480K, 96% used [0x00000000d5580000,0x00000000d68ddc88,0x00000000d6980000)
  from space 512K, 100% used [0x00000000d6a80000,0x00000000d6b00000,0x00000000d6b00000)
  to   space 1024K, 0% used [0x00000000d6980000,0x00000000d6980000,0x00000000d6a80000)
 ParOldGen       total 305152K, used 272876K [0x0000000080000000, 0x0000000092a00000, 0x00000000d5580000)
  object space 305152K, 89% used [0x0000000080000000,0x0000000090a7b1b8,0x0000000092a00000)
 Metaspace       used 57057K, committed 58304K, reserved 1114112K
  class space    used 5459K, committed 6080K, reserved 1048576K
}
Event: 2050.695 GC heap after
{Heap after GC invocations=222 (full 3):
 PSYoungGen      total 21504K, used 768K [0x00000000d5580000, 0x00000000d6b80000, 0x0000000100000000)
  eden space 20480K, 0% used [0x00000000d5580000,0x00000000d5580000,0x00000000d6980000)
  from space 1024K, 75% used [0x00000000d6980000,0x00000000d6a40020,0x00000000d6a80000)
  to   space 1024K, 0% used [0x00000000d6a80000,0x00000000d6a80000,0x00000000d6b80000)
 ParOldGen       total 305152K, used 273265K [0x0000000080000000, 0x0000000092a00000, 0x00000000d5580000)
  object space 305152K, 89% used [0x0000000080000000,0x0000000090adc638,0x0000000092a00000)
 Metaspace       used 57057K, committed 58304K, reserved 1114112K
  class space    used 5459K, committed 6080K, reserved 1048576K
}

Dll operation events (14 events):
Event: 0.010 Loaded shared library c:\Users\esbel\.vscode\extensions\redhat.java-1.50.0-win32-x64\jre\21.0.9-win32-x86_64\bin\java.dll
Event: 0.050 Loaded shared library c:\Users\esbel\.vscode\extensions\redhat.java-1.50.0-win32-x64\jre\21.0.9-win32-x86_64\bin\zip.dll
Event: 0.063 Loaded shared library C:\Users\esbel\.vscode\extensions\redhat.java-1.50.0-win32-x64\jre\21.0.9-win32-x86_64\bin\instrument.dll
Event: 0.067 Loaded shared library C:\Users\esbel\.vscode\extensions\redhat.java-1.50.0-win32-x64\jre\21.0.9-win32-x86_64\bin\net.dll
Event: 0.070 Loaded shared library C:\Users\esbel\.vscode\extensions\redhat.java-1.50.0-win32-x64\jre\21.0.9-win32-x86_64\bin\nio.dll
Event: 0.072 Loaded shared library C:\Users\esbel\.vscode\extensions\redhat.java-1.50.0-win32-x64\jre\21.0.9-win32-x86_64\bin\zip.dll
Event: 0.085 Loaded shared library C:\Users\esbel\.vscode\extensions\redhat.java-1.50.0-win32-x64\jre\21.0.9-win32-x86_64\bin\jimage.dll
Event: 0.131 Loaded shared library c:\Users\esbel\.vscode\extensions\redhat.java-1.50.0-win32-x64\jre\21.0.9-win32-x86_64\bin\verify.dll
Event: 0.748 Loaded shared library C:\Users\esbel\AppData\Roaming\Code\User\globalStorage\redhat.java\1.50.0\config_ss_win\org.eclipse.equinox.launcher\org.eclipse.equinox.launcher.win32.win32.x86_64_1.2.1400.v20250801-0854\eclipse_11916.dll
Event: 1.188 Loaded shared library C:\Users\esbel\.vscode\extensions\redhat.java-1.50.0-win32-x64\jre\21.0.9-win32-x86_64\bin\management.dll
Event: 1.225 Loaded shared library C:\Users\esbel\.vscode\extensions\redhat.java-1.50.0-win32-x64\jre\21.0.9-win32-x86_64\bin\management_ext.dll
Event: 2.194 Loaded shared library C:\Users\esbel\AppData\Local\Temp\jna-96799003\jna6477903702559018363.dll
Event: 839.518 Loaded shared library C:\Users\esbel\.vscode\extensions\redhat.java-1.50.0-win32-x64\jre\21.0.9-win32-x86_64\bin\sunmscapi.dll
Event: 839.645 Loaded shared library C:\Users\esbel\.vscode\extensions\redhat.java-1.50.0-win32-x64\jre\21.0.9-win32-x86_64\bin\extnet.dll

Deoptimization events (20 events):
Event: 2050.699 Thread 0x00000278f4a57b90 DEOPT PACKING pc=0x00000278d5f65ef0 sp=0x00000087ab6fea90
Event: 2050.699 Thread 0x00000278f4a57b90 DEOPT UNPACKING pc=0x00000278d4b63aa2 sp=0x00000087ab6fe980 mode 2
Event: 2050.699 Thread 0x00000278f4a57b90 Uncommon trap: trap_request=0xffffff45 fr.pc=0x00000278d60e1378 relative=0x00000000000012f8
Event: 2050.699 Thread 0x00000278f4a57b90 Uncommon trap: reason=unstable_if action=reinterpret pc=0x00000278d60e1378 method=org.jsoup.nodes.Attributes$1.hasNext()Z @ 33 c2
Event: 2050.699 Thread 0x00000278f4a57b90 DEOPT PACKING pc=0x00000278d60e1378 sp=0x00000087ab6fece0
Event: 2050.699 Thread 0x00000278f4a57b90 DEOPT UNPACKING pc=0x00000278d4b63aa2 sp=0x00000087ab6feb58 mode 2
Event: 2050.700 Thread 0x00000278f4a57b90 Uncommon trap: trap_request=0xffffffbe fr.pc=0x00000278d5f6077c relative=0x000000000000063c
Event: 2050.700 Thread 0x00000278f4a57b90 Uncommon trap: reason=profile_predicate action=maybe_recompile pc=0x00000278d5f6077c method=org.jsoup.internal.StringUtil.appendNormalisedWhitespace(Ljava/lang/StringBuilder;Ljava/lang/String;Z)V @ 18 c2
Event: 2050.700 Thread 0x00000278f4a57b90 DEOPT PACKING pc=0x00000278d5f6077c sp=0x00000087ab6fe5c0
Event: 2050.700 Thread 0x00000278f4a57b90 DEOPT UNPACKING pc=0x00000278d4b63aa2 sp=0x00000087ab6fe568 mode 2
Event: 2050.728 Thread 0x00000278f4a57b90 DEOPT PACKING pc=0x00000278cf894fa1 sp=0x00000087ab6fe4a0
Event: 2050.728 Thread 0x00000278f4a57b90 DEOPT UNPACKING pc=0x00000278d4b64242 sp=0x00000087ab6fd980 mode 0
Event: 2050.739 Thread 0x00000278f4a57b90 Uncommon trap: trap_request=0xffffffbe fr.pc=0x00000278d5f6077c relative=0x000000000000063c
Event: 2050.739 Thread 0x00000278f4a57b90 Uncommon trap: reason=profile_predicate action=maybe_recompile pc=0x00000278d5f6077c method=org.jsoup.internal.StringUtil.appendNormalisedWhitespace(Ljava/lang/StringBuilder;Ljava/lang/String;Z)V @ 18 c2
Event: 2050.739 Thread 0x00000278f4a57b90 DEOPT PACKING pc=0x00000278d5f6077c sp=0x00000087ab6fe560
Event: 2050.739 Thread 0x00000278f4a57b90 DEOPT UNPACKING pc=0x00000278d4b63aa2 sp=0x00000087ab6fe508 mode 2
Event: 2051.820 Thread 0x00000278f4a54da0 Uncommon trap: trap_request=0xffffffc6 fr.pc=0x00000278d60d2dd4 relative=0x00000000000006b4
Event: 2051.820 Thread 0x00000278f4a54da0 Uncommon trap: reason=bimorphic_or_optimized_type_check action=maybe_recompile pc=0x00000278d60d2dd4 method=org.eclipse.jdt.internal.compiler.parser.Parser.consumeRule(I)V @ 6358 c2
Event: 2051.820 Thread 0x00000278f4a54da0 DEOPT PACKING pc=0x00000278d60d2dd4 sp=0x00000087ac9fe990
Event: 2051.820 Thread 0x00000278f4a54da0 DEOPT UNPACKING pc=0x00000278d4b63aa2 sp=0x00000087ac9fe920 mode 2

Classes loaded (20 events):
Event: 839.646 Loading class java/net/StandardProtocolFamily
Event: 839.646 Loading class java/net/StandardProtocolFamily done
Event: 839.646 Loading class java/net/SocksSocketImpl$3
Event: 839.646 Loading class java/net/SocksSocketImpl$3 done
Event: 839.648 Loading class sun/net/www/protocol/http/HttpURLConnection$10
Event: 839.648 Loading class sun/net/www/protocol/http/HttpURLConnection$10 done
Event: 878.752 Loading class java/util/stream/ReduceOps$5
Event: 878.752 Loading class java/util/stream/ReduceOps$5 done
Event: 878.752 Loading class java/util/stream/ReduceOps$CountingSink$OfRef
Event: 878.788 Loading class java/util/stream/ReduceOps$CountingSink
Event: 878.788 Loading class java/util/stream/ReduceOps$CountingSink done
Event: 878.788 Loading class java/util/stream/ReduceOps$CountingSink$OfRef done
Event: 1647.737 Loading class java/util/Collections$EmptyListIterator
Event: 1647.737 Loading class java/util/Collections$EmptyListIterator done
Event: 1647.743 Loading class jdk/internal/icu/text/NormalizerBase$NFCModeImpl
Event: 1647.743 Loading class jdk/internal/icu/text/NormalizerBase$NFCModeImpl done
Event: 1647.743 Loading class jdk/internal/icu/impl/Norm2AllModes$NFCSingleton
Event: 1647.743 Loading class jdk/internal/icu/impl/Norm2AllModes$NFCSingleton done
Event: 1647.744 Loading class java/nio/StringCharBuffer
Event: 1647.744 Loading class java/nio/StringCharBuffer done

Classes unloaded (7 events):
Event: 1.727 Thread 0x00000278ca454160 Unloading class 0x000002788118cc00 'java/lang/invoke/LambdaForm$MH+0x000002788118cc00'
Event: 1.727 Thread 0x00000278ca454160 Unloading class 0x000002788118c800 'java/lang/invoke/LambdaForm$MH+0x000002788118c800'
Event: 1.727 Thread 0x00000278ca454160 Unloading class 0x000002788118c400 'java/lang/invoke/LambdaForm$MH+0x000002788118c400'
Event: 1.727 Thread 0x00000278ca454160 Unloading class 0x000002788118c000 'java/lang/invoke/LambdaForm$MH+0x000002788118c000'
Event: 1.727 Thread 0x00000278ca454160 Unloading class 0x000002788118bc00 'java/lang/invoke/LambdaForm$BMH+0x000002788118bc00'
Event: 1.727 Thread 0x00000278ca454160 Unloading class 0x000002788118b800 'java/lang/invoke/LambdaForm$DMH+0x000002788118b800'
Event: 1.727 Thread 0x00000278ca454160 Unloading class 0x000002788118a400 'java/lang/invoke/LambdaForm$DMH+0x000002788118a400'

Classes redefined (0 events):
No events

Internal exceptions (20 events):
Event: 1989.714 Thread 0x00000278ea5c5830 Exception <a 'java/lang/ClassNotFoundException'{0x00000000d67d0910}: sun/net/www/protocol/jdt/Handler> (0x00000000d67d0910) 
thrown [s\src\hotspot\share\classfile\systemDictionary.cpp, line 312]
Event: 1989.714 Thread 0x00000278ea5c5830 Exception <a 'java/lang/ClassNotFoundException'{0x00000000d67d3058}: sun/net/www/protocol/jdt/Handler> (0x00000000d67d3058) 
thrown [s\src\hotspot\share\classfile\systemDictionary.cpp, line 312]
Event: 2013.493 Thread 0x00000278ea5c5830 Implicit null exception at 0x00000278d5d35081 to 0x00000278d5d359b0
Event: 2015.667 Thread 0x00000278ea5c5830 Exception <a 'java/lang/ClassNotFoundException'{0x00000000d5882a90}: sun/net/www/protocol/jdt/Handler> (0x00000000d5882a90) 
thrown [s\src\hotspot\share\classfile\systemDictionary.cpp, line 312]
Event: 2016.149 Thread 0x00000278ea5c5830 Exception <a 'java/lang/ClassNotFoundException'{0x00000000d5c69c10}: sun/net/www/protocol/jdt/Handler> (0x00000000d5c69c10) 
thrown [s\src\hotspot\share\classfile\systemDictionary.cpp, line 312]
Event: 2035.761 Thread 0x00000278f4a56e70 Exception <a 'java/lang/ClassNotFoundException'{0x00000000d5eafb18}: sun/net/www/protocol/jdt/Handler> (0x00000000d5eafb18) 
thrown [s\src\hotspot\share\classfile\systemDictionary.cpp, line 312]
Event: 2036.182 Thread 0x00000278f4a56e70 Exception <a 'java/lang/ClassNotFoundException'{0x00000000d6287028}: sun/net/www/protocol/jdt/Handler> (0x00000000d6287028) 
thrown [s\src\hotspot\share\classfile\systemDictionary.cpp, line 312]
Event: 2036.801 Thread 0x00000278f4a56e70 Exception <a 'java/lang/ClassNotFoundException'{0x00000000d6690530}: sun/net/www/protocol/jdt/Handler> (0x00000000d6690530) 
thrown [s\src\hotspot\share\classfile\systemDictionary.cpp, line 312]
Event: 2050.699 Thread 0x00000278f4a57b90 Exception <a 'java/lang/ClassNotFoundException'{0x00000000d57b7ef0}: sun/net/www/protocol/jdt/Handler> (0x00000000d57b7ef0) 
thrown [s\src\hotspot\share\classfile\systemDictionary.cpp, line 312]
Event: 2050.699 Thread 0x00000278f4a57b90 Exception <a 'java/lang/ClassNotFoundException'{0x00000000d57b9e20}: sun/net/www/protocol/jdt/Handler> (0x00000000d57b9e20) 
thrown [s\src\hotspot\share\classfile\systemDictionary.cpp, line 312]
Event: 2050.699 Thread 0x00000278f4a57b90 Exception <a 'java/lang/ClassNotFoundException'{0x00000000d57bfa70}: sun/net/www/protocol/jdt/Handler> (0x00000000d57bfa70) 
thrown [s\src\hotspot\share\classfile\systemDictionary.cpp, line 312]
Event: 2050.699 Thread 0x00000278f4a57b90 Exception <a 'java/lang/ClassNotFoundException'{0x00000000d57c2248}: sun/net/www/protocol/jdt/Handler> (0x00000000d57c2248) 
thrown [s\src\hotspot\share\classfile\systemDictionary.cpp, line 312]
Event: 2050.699 Thread 0x00000278f4a57b90 Exception <a 'java/lang/ClassNotFoundException'{0x00000000d57c44d8}: sun/net/www/protocol/jdt/Handler> (0x00000000d57c44d8) 
thrown [s\src\hotspot\share\classfile\systemDictionary.cpp, line 312]
Event: 2050.699 Thread 0x00000278f4a57b90 Exception <a 'java/lang/ClassNotFoundException'{0x00000000d57c6b68}: sun/net/www/protocol/jdt/Handler> (0x00000000d57c6b68) 
thrown [s\src\hotspot\share\classfile\systemDictionary.cpp, line 312]
Event: 2050.738 Thread 0x00000278f4a57b90 Exception <a 'java/lang/ClassNotFoundException'{0x00000000d5e65df0}: sun/net/www/protocol/jdt/Handler> (0x00000000d5e65df0) 
thrown [s\src\hotspot\share\classfile\systemDictionary.cpp, line 312]
Event: 2050.738 Thread 0x00000278f4a57b90 Exception <a 'java/lang/ClassNotFoundException'{0x00000000d5e67d58}: sun/net/www/protocol/jdt/Handler> (0x00000000d5e67d58) 
thrown [s\src\hotspot\share\classfile\systemDictionary.cpp, line 312]
Event: 2050.738 Thread 0x00000278f4a57b90 Exception <a 'java/lang/ClassNotFoundException'{0x00000000d5e6dce0}: sun/net/www/protocol/jdt/Handler> (0x00000000d5e6dce0) 
thrown [s\src\hotspot\share\classfile\systemDictionary.cpp, line 312]
Event: 2050.738 Thread 0x00000278f4a57b90 Exception <a 'java/lang/ClassNotFoundException'{0x00000000d5e70568}: sun/net/www/protocol/jdt/Handler> (0x00000000d5e70568) 
thrown [s\src\hotspot\share\classfile\systemDictionary.cpp, line 312]
Event: 2050.738 Thread 0x00000278f4a57b90 Exception <a 'java/lang/ClassNotFoundException'{0x00000000d5e72860}: sun/net/www/protocol/jdt/Handler> (0x00000000d5e72860) 
thrown [s\src\hotspot\share\classfile\systemDictionary.cpp, line 312]
Event: 2050.738 Thread 0x00000278f4a57b90 Exception <a 'java/lang/ClassNotFoundException'{0x00000000d5e74f88}: sun/net/www/protocol/jdt/Handler> (0x00000000d5e74f88) 
thrown [s\src\hotspot\share\classfile\systemDictionary.cpp, line 312]

ZGC Phase Switch (0 events):
No events

VM Operations (20 events):
Event: 2033.881 Executing VM operation: HandshakeAllThreads (Deoptimize)
Event: 2033.881 Executing VM operation: HandshakeAllThreads (Deoptimize) done
Event: 2034.890 Executing VM operation: Cleanup
Event: 2034.890 Executing VM operation: Cleanup done
Event: 2035.890 Executing VM operation: Cleanup
Event: 2035.890 Executing VM operation: Cleanup done
Event: 2037.824 Executing VM operation: ParallelGCFailedAllocation (Allocation Failure)
Event: 2037.825 Executing VM operation: ParallelGCFailedAllocation (Allocation Failure) done
Event: 2044.409 Executing VM operation: HandshakeAllThreads (HandshakeForDeflation)
Event: 2044.409 Executing VM operation: HandshakeAllThreads (HandshakeForDeflation) done
Event: 2044.410 Executing VM operation: RendezvousGCThreads
Event: 2044.410 Executing VM operation: RendezvousGCThreads done
Event: 2046.413 Executing VM operation: Cleanup
Event: 2046.413 Executing VM operation: Cleanup done
Event: 2048.355 Executing VM operation: ParallelGCFailedAllocation (Allocation Failure)
Event: 2048.356 Executing VM operation: ParallelGCFailedAllocation (Allocation Failure) done
Event: 2050.694 Executing VM operation: ParallelGCFailedAllocation (Allocation Failure)
Event: 2050.695 Executing VM operation: ParallelGCFailedAllocation (Allocation Failure) done
Event: 2052.695 Executing VM operation: Cleanup
Event: 2052.695 Executing VM operation: Cleanup done

Memory protections (0 events):
No events

Nmethod flushes (20 events):
Event: 1617.904 Thread 0x00000278ca454160 flushing  nmethod 0x00000278cdf82910
Event: 1617.905 Thread 0x00000278ca454160 flushing  nmethod 0x00000278cdf86c90
Event: 1617.905 Thread 0x00000278ca454160 flushing  nmethod 0x00000278cdf87290
Event: 1617.905 Thread 0x00000278ca454160 flushing  nmethod 0x00000278cdf88190
Event: 1617.905 Thread 0x00000278ca454160 flushing  nmethod 0x00000278cdf8b410
Event: 1617.905 Thread 0x00000278ca454160 flushing  nmethod 0x00000278cdf8ff90
Event: 1617.905 Thread 0x00000278ca454160 flushing  nmethod 0x00000278cdf90d90
Event: 1617.905 Thread 0x00000278ca454160 flushing  nmethod 0x00000278cdf91910
Event: 1617.905 Thread 0x00000278ca454160 flushing  nmethod 0x00000278cdf93690
Event: 1617.905 Thread 0x00000278ca454160 flushing  nmethod 0x00000278cdf94390
Event: 1617.905 Thread 0x00000278ca454160 flushing  nmethod 0x00000278cdf95490
Event: 1617.905 Thread 0x00000278ca454160 flushing  nmethod 0x00000278cdf9e310
Event: 1617.905 Thread 0x00000278ca454160 flushing  nmethod 0x00000278cdf9e710
Event: 1617.905 Thread 0x00000278ca454160 flushing  nmethod 0x00000278cdf9eb10
Event: 1617.905 Thread 0x00000278ca454160 flushing  nmethod 0x00000278cdf9f010
Event: 1617.905 Thread 0x00000278ca454160 flushing  nmethod 0x00000278cdf9f990
Event: 1617.905 Thread 0x00000278ca454160 flushing  nmethod 0x00000278cdfa0d90
Event: 1617.905 Thread 0x00000278ca454160 flushing  nmethod 0x00000278cdfa2010
Event: 1617.905 Thread 0x00000278ca454160 flushing  nmethod 0x00000278cdfa5c90
Event: 1617.905 Thread 0x00000278ca454160 flushing  nmethod 0x00000278ce020690

Events (20 events):
Event: 1705.987 Thread 0x00000278e83cd410 Thread exited: 0x00000278e83cd410
Event: 1706.819 Thread 0x00000278e83cab30 Thread exited: 0x00000278e83cab30
Event: 1706.821 Thread 0x00000278ca578fd0 Thread added: 0x00000278e83cb8d0
Event: 1708.378 Thread 0x00000278e83cb8d0 Thread exited: 0x00000278e83cb8d0
Event: 1763.510 Thread 0x00000278ea5c4480 Thread exited: 0x00000278ea5c4480
Event: 1777.660 Thread 0x00000278e8c13fc0 Thread exited: 0x00000278e8c13fc0
Event: 1788.690 Thread 0x00000278ea5c23b0 Thread exited: 0x00000278ea5c23b0
Event: 1838.494 Thread 0x00000278ea5c2a40 Thread added: 0x00000278f4a55ac0
Event: 1838.494 Thread 0x00000278f4a55ac0 Thread exited: 0x00000278f4a55ac0
Event: 1838.609 Thread 0x00000278eb96a960 Thread added: 0x00000278f4a56e70
Event: 1909.157 Thread 0x00000278eb96d750 Thread exited: 0x00000278eb96d750
Event: 1909.294 Thread 0x00000278f4a56e70 Thread exited: 0x00000278f4a56e70
Event: 1969.543 Thread 0x00000278ea5c1690 Thread added: 0x00000278f4a56e70
Event: 1972.439 Thread 0x00000278eb96a960 Thread added: 0x00000278f4a57500
Event: 2050.673 Thread 0x00000278ea5c5830 Thread added: 0x00000278f4a57b90
Event: 2050.700 Thread 0x00000278ca578fd0 Thread added: 0x00000278e83cab30
Event: 2050.700 Thread 0x00000278ca578fd0 Thread added: 0x00000278e83cb8d0
Event: 2051.817 Thread 0x00000278ea5c1690 Thread added: 0x00000278f4a54da0
Event: 2051.819 Thread 0x00000278e83cb8d0 Thread exited: 0x00000278e83cb8d0
Event: 2051.819 Thread 0x00000278e83cab30 Thread exited: 0x00000278e83cab30


Dynamic libraries:
0x00007ff6ca910000 - 0x00007ff6ca91e000 	c:\Users\esbel\.vscode\extensions\redhat.java-1.50.0-win32-x64\jre\21.0.9-win32-x86_64\bin\java.exe
0x00007ffd98460000 - 0x00007ffd986c8000 	C:\WINDOWS\SYSTEM32\ntdll.dll
0x00007ffd96a30000 - 0x00007ffd96af9000 	C:\WINDOWS\System32\KERNEL32.DLL
0x00007ffd95e00000 - 0x00007ffd961f8000 	C:\WINDOWS\System32\KERNELBASE.dll
0x00007ffd95b50000 - 0x00007ffd95c9b000 	C:\WINDOWS\System32\ucrtbase.dll
0x00007ffcb0940000 - 0x00007ffcb095e000 	c:\Users\esbel\.vscode\extensions\redhat.java-1.50.0-win32-x64\jre\21.0.9-win32-x86_64\bin\VCRUNTIME140.dll
0x00007ffcc1dd0000 - 0x00007ffcc1de8000 	c:\Users\esbel\.vscode\extensions\redhat.java-1.50.0-win32-x64\jre\21.0.9-win32-x86_64\bin\jli.dll
0x00007ffd97690000 - 0x00007ffd97857000 	C:\WINDOWS\System32\USER32.dll
0x00007ffd824e0000 - 0x00007ffd82774000 	C:\WINDOWS\WinSxS\amd64_microsoft.windows.common-controls_6595b64144ccf1df_6.0.26100.7019_none_3e06ffa0e335b8a8\COMCTL32.dll
0x00007ffd95ca0000 - 0x00007ffd95cc7000 	C:\WINDOWS\System32\win32u.dll
0x00007ffd966b0000 - 0x00007ffd96759000 	C:\WINDOWS\System32\msvcrt.dll
0x00007ffd968d0000 - 0x00007ffd968fb000 	C:\WINDOWS\System32\GDI32.dll
0x00007ffd95cd0000 - 0x00007ffd95dfc000 	C:\WINDOWS\System32\gdi32full.dll
0x00007ffd957c0000 - 0x00007ffd95863000 	C:\WINDOWS\System32\msvcp_win.dll
0x00007ffd96b00000 - 0x00007ffd96b31000 	C:\WINDOWS\System32\IMM32.DLL
0x00007ffd48360000 - 0x00007ffd4836c000 	c:\Users\esbel\.vscode\extensions\redhat.java-1.50.0-win32-x64\jre\21.0.9-win32-x86_64\bin\vcruntime140_1.dll
0x00007ffc5ab60000 - 0x00007ffc5abed000 	c:\Users\esbel\.vscode\extensions\redhat.java-1.50.0-win32-x64\jre\21.0.9-win32-x86_64\bin\msvcp140.dll
0x00007ffc34ee0000 - 0x00007ffc35c80000 	c:\Users\esbel\.vscode\extensions\redhat.java-1.50.0-win32-x64\jre\21.0.9-win32-x86_64\bin\server\jvm.dll
0x00007ffd96300000 - 0x00007ffd963b4000 	C:\WINDOWS\System32\ADVAPI32.dll
0x00007ffd96900000 - 0x00007ffd969a6000 	C:\WINDOWS\System32\sechost.dll
0x00007ffd97410000 - 0x00007ffd97528000 	C:\WINDOWS\System32\RPCRT4.dll
0x00007ffd96600000 - 0x00007ffd96674000 	C:\WINDOWS\System32\WS2_32.dll
0x00007ffd95430000 - 0x00007ffd9548e000 	C:\WINDOWS\SYSTEM32\POWRPROF.dll
0x00007ffd8c210000 - 0x00007ffd8c245000 	C:\WINDOWS\SYSTEM32\WINMM.dll
0x00007ffd8dfa0000 - 0x00007ffd8dfab000 	C:\WINDOWS\SYSTEM32\VERSION.dll
0x00007ffd95410000 - 0x00007ffd95424000 	C:\WINDOWS\SYSTEM32\UMPDC.dll
0x00007ffd94370000 - 0x00007ffd9438b000 	C:\WINDOWS\SYSTEM32\kernel.appcore.dll
0x00007ffd43ee0000 - 0x00007ffd43eea000 	c:\Users\esbel\.vscode\extensions\redhat.java-1.50.0-win32-x64\jre\21.0.9-win32-x86_64\bin\jimage.dll
0x00007ffd929b0000 - 0x00007ffd92bf2000 	C:\WINDOWS\SYSTEM32\DBGHELP.DLL
0x00007ffd97080000 - 0x00007ffd9740b000 	C:\WINDOWS\System32\combase.dll
0x00007ffd96520000 - 0x00007ffd965f7000 	C:\WINDOWS\System32\OLEAUT32.dll
0x00007ffd764d0000 - 0x00007ffd7650c000 	C:\WINDOWS\SYSTEM32\dbgcore.DLL
0x00007ffd95aa0000 - 0x00007ffd95b45000 	C:\WINDOWS\System32\bcryptPrimitives.dll
0x00007ffd1d560000 - 0x00007ffd1d56f000 	c:\Users\esbel\.vscode\extensions\redhat.java-1.50.0-win32-x64\jre\21.0.9-win32-x86_64\bin\instrument.dll
0x00007ffcb0920000 - 0x00007ffcb0940000 	c:\Users\esbel\.vscode\extensions\redhat.java-1.50.0-win32-x64\jre\21.0.9-win32-x86_64\bin\java.dll
0x00007ffd97aa0000 - 0x00007ffd981ef000 	C:\WINDOWS\System32\SHELL32.dll
0x00007ffd95930000 - 0x00007ffd95a9b000 	C:\WINDOWS\System32\wintypes.dll
0x00007ffd931f0000 - 0x00007ffd93a4d000 	C:\WINDOWS\SYSTEM32\windows.storage.dll
0x00007ffd96200000 - 0x00007ffd962f2000 	C:\WINDOWS\System32\SHCORE.dll
0x00007ffd969c0000 - 0x00007ffd96a27000 	C:\WINDOWS\System32\shlwapi.dll
0x00007ffd954d0000 - 0x00007ffd954f9000 	C:\WINDOWS\SYSTEM32\profapi.dll
0x00007ffcb0840000 - 0x00007ffcb0858000 	c:\Users\esbel\.vscode\extensions\redhat.java-1.50.0-win32-x64\jre\21.0.9-win32-x86_64\bin\zip.dll
0x00007ffd1d530000 - 0x00007ffd1d540000 	C:\Users\esbel\.vscode\extensions\redhat.java-1.50.0-win32-x64\jre\21.0.9-win32-x86_64\bin\net.dll
0x00007ffd8e8f0000 - 0x00007ffd8ea18000 	C:\WINDOWS\SYSTEM32\WINHTTP.dll
0x00007ffd948e0000 - 0x00007ffd9494b000 	C:\WINDOWS\system32\mswsock.dll
0x00007ffcafd60000 - 0x00007ffcafd76000 	C:\Users\esbel\.vscode\extensions\redhat.java-1.50.0-win32-x64\jre\21.0.9-win32-x86_64\bin\nio.dll
0x00007ffd18780000 - 0x00007ffd18790000 	c:\Users\esbel\.vscode\extensions\redhat.java-1.50.0-win32-x64\jre\21.0.9-win32-x86_64\bin\verify.dll
0x00007ffd48390000 - 0x00007ffd483d4000 	C:\Users\esbel\AppData\Roaming\Code\User\globalStorage\redhat.java\1.50.0\config_ss_win\org.eclipse.equinox.launcher\org.eclipse.equinox.launcher.win32.win32.x86_64_1.2.1400.v20250801-0854\eclipse_11916.dll
0x00007ffd98200000 - 0x00007ffd98397000 	C:\WINDOWS\System32\ole32.dll
0x00007ffd8d770000 - 0x00007ffd8d77a000 	C:\Users\esbel\.vscode\extensions\redhat.java-1.50.0-win32-x64\jre\21.0.9-win32-x86_64\bin\management.dll
0x00007ffd85230000 - 0x00007ffd8523c000 	C:\Users\esbel\.vscode\extensions\redhat.java-1.50.0-win32-x64\jre\21.0.9-win32-x86_64\bin\management_ext.dll
0x00007ffd969b0000 - 0x00007ffd969b8000 	C:\WINDOWS\System32\PSAPI.DLL
0x00007ffd94ba0000 - 0x00007ffd94bbb000 	C:\WINDOWS\SYSTEM32\CRYPTSP.dll
0x00007ffd942d0000 - 0x00007ffd9430a000 	C:\WINDOWS\system32\rsaenh.dll
0x00007ffd94990000 - 0x00007ffd949bb000 	C:\WINDOWS\SYSTEM32\USERENV.dll
0x00007ffd954a0000 - 0x00007ffd954ca000 	C:\WINDOWS\SYSTEM32\bcrypt.dll
0x00007ffd94bc0000 - 0x00007ffd94bcc000 	C:\WINDOWS\SYSTEM32\CRYPTBASE.dll
0x00007ffd93d80000 - 0x00007ffd93db4000 	C:\WINDOWS\SYSTEM32\IPHLPAPI.DLL
0x00007ffd97530000 - 0x00007ffd9753a000 	C:\WINDOWS\System32\NSI.dll
0x00007ffd1b700000 - 0x00007ffd1b749000 	C:\Users\esbel\AppData\Local\Temp\jna-96799003\jna6477903702559018363.dll
0x00007ffd8f5d0000 - 0x00007ffd8f5ee000 	C:\WINDOWS\SYSTEM32\dhcpcsvc6.DLL
0x00007ffd8f590000 - 0x00007ffd8f5b3000 	C:\WINDOWS\SYSTEM32\dhcpcsvc.DLL
0x00007ffd18200000 - 0x00007ffd1820e000 	C:\Users\esbel\.vscode\extensions\redhat.java-1.50.0-win32-x64\jre\21.0.9-win32-x86_64\bin\sunmscapi.dll
0x00007ffd95640000 - 0x00007ffd957b7000 	C:\WINDOWS\System32\CRYPT32.dll
0x00007ffd94dc0000 - 0x00007ffd94df0000 	C:\WINDOWS\SYSTEM32\ncrypt.dll
0x00007ffd94d70000 - 0x00007ffd94daf000 	C:\WINDOWS\SYSTEM32\NTASN1.dll
0x00007ffd93dc0000 - 0x00007ffd93eec000 	C:\WINDOWS\SYSTEM32\DNSAPI.dll
0x00007ffd8e130000 - 0x00007ffd8e13b000 	C:\Windows\System32\rasadhlp.dll
0x00007ffd8d760000 - 0x00007ffd8d769000 	C:\Users\esbel\.vscode\extensions\redhat.java-1.50.0-win32-x64\jre\21.0.9-win32-x86_64\bin\extnet.dll

JVMTI agents:
c:\Users\esbel\.vscode\extensions\redhat.java-1.50.0-win32-x64\lombok\lombok-1.18.39-4050.jar path:c:\Users\esbel\.vscode\extensions\redhat.java-1.50.0-win32-x64\jre\21.0.9-win32-x86_64\bin\instrument.dll, loaded, initialized, instrumentlib options:none

dbghelp: loaded successfully - version: 4.0.5 - missing functions: none
symbol engine: initialized successfully - sym options: 0x614 - pdb path: .;c:\Users\esbel\.vscode\extensions\redhat.java-1.50.0-win32-x64\jre\21.0.9-win32-x86_64\bin;C:\WINDOWS\SYSTEM32;C:\WINDOWS\WinSxS\amd64_microsoft.windows.common-controls_6595b64144ccf1df_6.0.26100.7019_none_3e06ffa0e335b8a8;c:\Users\esbel\.vscode\extensions\redhat.java-1.50.0-win32-x64\jre\21.0.9-win32-x86_64\bin\server;C:\Users\esbel\AppData\Roaming\Code\User\globalStorage\redhat.java\1.50.0\config_ss_win\org.eclipse.equinox.launcher\org.eclipse.equinox.launcher.win32.win32.x86_64_1.2.1400.v20250801-0854;C:\Users\esbel\AppData\Local\Temp\jna-96799003

VM Arguments:
jvm_args: --add-modules=ALL-SYSTEM --add-opens=java.base/java.util=ALL-UNNAMED --add-opens=java.base/java.lang=ALL-UNNAMED --add-opens=java.base/sun.nio.fs=ALL-UNNAMED -Declipse.application=org.eclipse.jdt.ls.core.id1 -Dosgi.bundles.defaultStartLevel=4 -Declipse.product=org.eclipse.jdt.ls.core.product -Djava.import.generatesMetadataFilesAtProjectRoot=false -DDetectVMInstallationsJob.disabled=true -Dfile.encoding=utf8 -XX:+UseParallelGC -XX:GCTimeRatio=4 -XX:AdaptiveSizePolicyWeight=90 -Dsun.zip.disableMemoryMapping=true -Xmx2G -Xms100m -Xlog:disable -javaagent:c:\Users\esbel\.vscode\extensions\redhat.java-1.50.0-win32-x64\lombok\lombok-1.18.39-4050.jar 
java_command: c:\Users\esbel\.vscode\extensions\redhat.java-1.50.0-win32-x64\server\plugins\org.eclipse.equinox.launcher_1.7.100.v20251111-0406.jar -configuration c:\Users\esbel\AppData\Roaming\Code\User\globalStorage\redhat.java\1.50.0\config_ss_win -data c:\Users\esbel\AppData\Roaming\Code\User\workspaceStorage\2550d70c402934654af22b421e6496ea\redhat.java\ss_ws --pipe=\\.\pipe\lsp-59a2fccec804263bd66d746beab7f881-sock
java_class_path (initial): c:\Users\esbel\.vscode\extensions\redhat.java-1.50.0-win32-x64\server\plugins\org.eclipse.equinox.launcher_1.7.100.v20251111-0406.jar
Launcher Type: SUN_STANDARD

[Global flags]
    uintx AdaptiveSizePolicyWeight                 = 90                                        {product} {command line}
     intx CICompilerCount                          = 12                                        {product} {ergonomic}
    uintx GCTimeRatio                              = 4                                         {product} {command line}
   size_t InitialHeapSize                          = 104857600                                 {product} {command line}
   size_t MaxHeapSize                              = 2147483648                                {product} {command line}
   size_t MaxNewSize                               = 715653120                                 {product} {ergonomic}
   size_t MinHeapDeltaBytes                        = 524288                                    {product} {ergonomic}
   size_t MinHeapSize                              = 104857600                                 {product} {command line}
   size_t NewSize                                  = 34603008                                  {product} {ergonomic}
    uintx NonNMethodCodeHeapSize                   = 7602480                                {pd product} {ergonomic}
    uintx NonProfiledCodeHeapSize                  = 122027880                              {pd product} {ergonomic}
   size_t OldSize                                  = 70254592                                  {product} {ergonomic}
    uintx ProfiledCodeHeapSize                     = 122027880                              {pd product} {ergonomic}
    uintx ReservedCodeCacheSize                    = 251658240                              {pd product} {ergonomic}
     bool SegmentedCodeCache                       = true                                      {product} {ergonomic}
   size_t SoftMaxHeapSize                          = 2147483648                             {manageable} {ergonomic}
     bool UseCompressedOops                        = true                           {product lp64_product} {ergonomic}
     bool UseLargePagesIndividualAllocation        = false                                  {pd product} {ergonomic}
     bool UseParallelGC                            = true                                      {product} {command line}

Logging:
Log output configuration:
 #0: stdout all=off uptime,level,tags foldmultilines=false
 #1: stderr all=off uptime,level,tags foldmultilines=false

Release file:
JAVA_VERSION="21.0.9" 
MODULES="java.base java.compiler java.datatransfer java.xml java.prefs java.desktop java.instrument java.logging java.management java.security.sasl java.naming java.rmi java.management.rmi java.net.http java.scripting java.security.jgss java.transaction.xa java.sql java.sql.rowset java.xml.crypto java.se java.smartcardio jdk.accessibility jdk.internal.jvmstat jdk.attach jdk.charsets jdk.internal.opt jdk.zipfs jdk.compiler jdk.crypto.ec jdk.crypto.cryptoki jdk.crypto.mscapi jdk.dynalink jdk.internal.ed jdk.editpad jdk.hotspot.agent jdk.httpserver jdk.internal.le jdk.internal.vm.ci jdk.internal.vm.compiler jdk.internal.vm.compiler.management jdk.jartool jdk.javadoc jdk.jcmd jdk.management jdk.management.agent jdk.jconsole jdk.jdeps jdk.jdwp.agent jdk.jdi jdk.jfr jdk.jshell jdk.jsobject jdk.jstatd jdk.localedata jdk.management.jfr jdk.naming.dns jdk.naming.rmi jdk.net jdk.nio.mapmode jdk.random jdk.sctp jdk.security.auth jdk.security.jgss jdk.unsupported jdk.unsupported.desktop jdk.xml.dom" 

Environment Variables:
PATH=C:\Program Files\Common Files\Oracle\Java\javapath;C:\Program Files (x86)\apache-maven-3.9.11-bin\apache-maven-3.9.11\bin;C:\Windows\System32\HWAudioDriverLibs;C:\Windows\system32;C:\Windows;C:\Windows\System32\Wbem;C:\Windows\System32\WindowsPowerShell\v1.0\;C:\Windows\System32\OpenSSH\;C:\Users\Administrator\AppData\Local\Microsoft\WindowsApps;C:\WINDOWS\system32;C:\WINDOWS;C:\WINDOWS\System32\Wbem;C:\WINDOWS\System32\WindowsPowerShell\v1.0\;C:\WINDOWS\System32\OpenSSH\;D:\Matlab\bin;C:\MATLAB\bin;C:\Program Files\MATLAB\R2024a\bin;C:\Program Files\Microsoft SQL Server\Client SDK\ODBC\110\Tools\Binn\;C:\Program Files (x86)\Microsoft SQL Server\120\Tools\Binn\;C:\Program Files\Microsoft SQL Server\120\Tools\Binn\;C:\Program Files\Microsoft SQL Server\120\DTS\Binn\;C:\Program Files (x86)\Microsoft SQL Server\120\Tools\Binn\ManagementStudio\;C:\Program Files (x86)\Microsoft SQL Server\120\DTS\Binn\;C:\Program Files\Microsoft SQL Server\150\Tools\Binn\;C:\Program Files\Microsoft SQL Server\Client SDK\ODBC\170\Tools\Binn\;C:\Program Files\Git\cmd;C:\Program Files (x86)\apache-maven-3.9.11-bin\apache-maven-3.9.11\bin;C:\Users\esbel\AppData\Local\Programs\Python\Python314\;C:\Users\esbel\AppData\Local\Programs\Python\Launcher\;C:\Users\esbel\AppData\Roaming\TinyTeX\bin\windows;C:\Users\esbel\AppData\Local\Microsoft\WindowsApps;C:\Users\esbel\AppData\Local\Programs\Microsoft VS Code\bin;C:\Program Files (x86)\apache-maven-3.9.11-bin\apache-maven-3.9.11\bin;
USERNAME=esbel
OS=Windows_NT
PROCESSOR_IDENTIFIER=AMD64 Family 25 Model 80 Stepping 0, AuthenticAMD
TMP=C:\Users\esbel\AppData\Local\Temp
TEMP=C:\Users\esbel\AppData\Local\Temp




Periodic native trim disabled

---------------  S Y S T E M  ---------------

OS:
 Windows 11 , 64 bit Build 26100 (10.0.26100.7019)
OS uptime: 8 days 11:19 hours

CPU: total 16 (initial active 16) (16 cores per cpu, 2 threads per core) family 25 model 80 stepping 0 microcode 0xa50000c, cx8, cmov, fxsr, ht, mmx, 3dnowpref, sse, sse2, sse3, ssse3, sse4a, sse4.1, sse4.2, popcnt, lzcnt, tsc, tscinvbit, avx, avx2, aes, erms, clmul, bmi1, bmi2, adx, sha, fma, vzeroupper, clflush, clflushopt, rdtscp, rdpid, fsrm, f16c, pku, cet_ss
Processor Information for processor 0
  Max Mhz: 3201, Current Mhz: 1990, Mhz Limit: 3201
Processor Information for processor 1
  Max Mhz: 3201, Current Mhz: 1990, Mhz Limit: 3201
Processor Information for processor 2
  Max Mhz: 3201, Current Mhz: 3201, Mhz Limit: 3201
Processor Information for processor 3
  Max Mhz: 3201, Current Mhz: 3201, Mhz Limit: 3201
Processor Information for processor 4
  Max Mhz: 3201, Current Mhz: 1990, Mhz Limit: 3201
Processor Information for processor 5
  Max Mhz: 3201, Current Mhz: 3201, Mhz Limit: 3201
Processor Information for processor 6
  Max Mhz: 3201, Current Mhz: 3201, Mhz Limit: 3201
Processor Information for processor 7
  Max Mhz: 3201, Current Mhz: 3201, Mhz Limit: 3201
Processor Information for processor 8
  Max Mhz: 3201, Current Mhz: 3201, Mhz Limit: 3201
Processor Information for processor 9
  Max Mhz: 3201, Current Mhz: 3201, Mhz Limit: 3201
Processor Information for processor 10
  Max Mhz: 3201, Current Mhz: 3201, Mhz Limit: 3201
Processor Information for processor 11
  Max Mhz: 3201, Current Mhz: 3201, Mhz Limit: 3201
Processor Information for processor 12
  Max Mhz: 3201, Current Mhz: 3201, Mhz Limit: 3201
Processor Information for processor 13
  Max Mhz: 3201, Current Mhz: 1990, Mhz Limit: 3201
Processor Information for processor 14
  Max Mhz: 3201, Current Mhz: 3201, Mhz Limit: 3201
Processor Information for processor 15
  Max Mhz: 3201, Current Mhz: 1990, Mhz Limit: 3201

Memory: 4k page, system-wide physical 15724M (748M free)
TotalPageFile size 58889M (AvailPageFile size 0M)
current process WorkingSet (physical memory assigned to process): 632M, peak: 643M
current process commit charge ("private bytes"): 646M, peak: 649M

vm_info: OpenJDK 64-Bit Server VM (21.0.9+10-LTS) for windows-amd64 JRE (21.0.9+10-LTS), built on 2025-10-21T00:00:00Z by "admin" with unknown MS VC++:1942

END.
